slurmstepd-k007-001: error: *** JOB 334105 ON k007-001 CANCELLED AT 2026-06-25T21:45:38 ***

----------------------------------------------------------------------
Omnistat Report Card for Job Id: 334105
----------------------------------------------------------------------

Job Overview (Num Nodes = 1, Machine = HPC Fund)
 --> Start time = 2026-06-25 18:13:51
 --> End   time = 2026-06-25 21:48:51
 --> Duration   = 12900 secs

GPU Statistics:

           | Utilization (%)  |  Memory Use (%)  | Temperature (C)  |    Power (W)     | Energy (kWh) |
     GPU # |    Max     Mean  |    Max     Mean  |    Max     Mean  |    Max     Mean  |    Total     |
    ---------------------------------------------------------------------------------------------------
         0 |  100.00   43.88  |   57.39   24.61  |   66.00   58.56  |  996.00  482.94  |   1.73e+00   |
         1 |  100.00   43.97  |   51.72   24.44  |   76.00   70.12  |  996.00  515.00  |   1.85e+00   |
         2 |  100.00   25.56  |   80.09   72.99  |   70.00   67.01  |  802.00  365.63  |   1.31e+00   |
         3 |   99.00   28.96  |   80.09   72.98  |   60.00   57.36  |  747.00  351.56  |   1.26e+00   |
         4 |  100.00   28.32  |   80.09   72.99  |   60.00   57.90  |  779.00  358.23  |   1.28e+00   |
         5 |  100.00   36.21  |   80.09   72.98  |   61.00   58.89  |  721.00  374.87  |   1.34e+00   |
         6 |   98.00   25.15  |   80.08   72.98  |   70.00   67.68  |  645.00  372.85  |   1.34e+00   |
         7 |  100.00   29.90  |   80.08   72.98  |   72.00   69.05  |  794.00  381.52  |   1.37e+00   |

Approximate Total GPU Energy Consumed = 1.15e+01 kWh

Host Statistics:

    # CPUs | CPU Utilization (%)  |    Memory Use (%)    |
           |    Max       Mean    |    Max       Mean    |
    ------------------------------------------------------
       256 |  254.77     18.02    |   11.02      6.90    |

--
Query interval = 30.000 secs
Query execution time = 0.9 secs
Version = 1.12.0
